<?xml version="1.0" encoding="UTF-8"?>
<!-- Generated by org.testng.reporters.JUnitReportReporter -->
<testsuite hostname="rajusarumacairs-MacBook-Air.local" failures="0" tests="12" name="testNG.TestNGRegistrationfunctionality" time="12.763" errors="0" timestamp="2023-03-20T10:15:08 EDT" skipped="9">
  <testcase classname="testNG.TestNGRegistrationfunctionality" name="validateRegisterFunctionalitybyProvidingAllBlankSpaces" time="3.389"/>
  <system-out/>
  <testcase classname="testNG.TestNGRegistrationfunctionality" name="validateRegisterFunctionalitybyFillingDifferentPasswordsIntoPasswordAndConfirmation" time="4.565"/>
  <system-out/>
  <testcase classname="testNG.TestNGRegistrationfunctionality" name="validateRegisterFunctionalitybyProvidingInvalidEmailID" time="4.809"/>
  <system-out/>
  <testcase classname="testNG.TestNGRegistrationfunctionality" name="validateRegisterFunctionalitybyProvidingAllFieldsExceptPassword">
    <skipped/>
  </testcase> <!-- validateRegisterFunctionalitybyProvidingAllFieldsExceptPassword -->
  <system-out/>
  <testcase classname="testNG.TestNGRegistrationfunctionality" name="validateRegisterFunctionalitybyProvidingAlreadyExisingAccountDetails">
    <skipped/>
  </testcase> <!-- validateRegisterFunctionalitybyProvidingAlreadyExisingAccountDetails -->
  <system-out/>
  <testcase classname="testNG.TestNGRegistrationfunctionality" name="validateRegisterFunctionalitybyProvidingAllFieldsExceptFirstName">
    <skipped/>
  </testcase> <!-- validateRegisterFunctionalitybyProvidingAllFieldsExceptFirstName -->
  <system-out/>
  <testcase classname="testNG.TestNGRegistrationfunctionality" name="validateRegisterFunctionalitybyProvidingAllFieldsExceptLastName">
    <skipped/>
  </testcase> <!-- validateRegisterFunctionalitybyProvidingAllFieldsExceptLastName -->
  <system-out/>
  <testcase classname="testNG.TestNGRegistrationfunctionality" name="validateRegisterFunctionalitybyProvidingAllFieldsExceptConfirmation">
    <skipped/>
  </testcase> <!-- validateRegisterFunctionalitybyProvidingAllFieldsExceptConfirmation -->
  <system-out/>
  <testcase classname="testNG.TestNGRegistrationfunctionality" name="validateRegisterFunctionalitybyProvidingAllFieldsExceptEmailId">
    <skipped/>
  </testcase> <!-- validateRegisterFunctionalitybyProvidingAllFieldsExceptEmailId -->
  <system-out/>
  <testcase classname="testNG.TestNGRegistrationfunctionality" name="validateRegisterFunctionalitybyProvidingAllTheFields">
    <skipped/>
  </testcase> <!-- validateRegisterFunctionalitybyProvidingAllTheFields -->
  <system-out/>
  <testcase classname="testNG.TestNGRegistrationfunctionality" name="validateRegisterFunctionalitybyNavigateBackAfterSuccessUserRegistrtion">
    <skipped/>
  </testcase> <!-- validateRegisterFunctionalitybyNavigateBackAfterSuccessUserRegistrtion -->
  <system-out/>
  <testcase classname="testNG.TestNGRegistrationfunctionality" name="validateRegisterFunctionalitybyProvidingAllFieldsExceptLogin">
    <skipped/>
  </testcase> <!-- validateRegisterFunctionalitybyProvidingAllFieldsExceptLogin -->
  <system-out/>
</testsuite> <!-- testNG.TestNGRegistrationfunctionality -->
