<?xml version="1.0" encoding="UTF-8"?>
<!-- Generated by org.testng.reporters.JUnitReportReporter -->
<testsuite hostname="rajusarumacairs-MacBook-Air.local" failures="0" tests="10" name="testNG.TestNGLoginFuntionality" time="9.518" errors="0" timestamp="2023-03-20T10:15:08 EDT" skipped="8">
  <testcase classname="testNG.TestNGLoginFuntionality" name="validateLoggingwithInvalidUsernameInvalidPassword" time="6.376"/>
  <system-out/>
  <testcase classname="testNG.TestNGLoginFuntionality" name="validateLoggingwithBlankInputs" time="3.142"/>
  <system-out/>
  <testcase classname="testNG.TestNGLoginFuntionality" name="validateUserFunctionalityByNavigateBackAfterSuccessfulLogin">
    <skipped/>
  </testcase> <!-- validateUserFunctionalityByNavigateBackAfterSuccessfulLogin -->
  <system-out/>
  <testcase classname="testNG.TestNGLoginFuntionality" name="validateForgottenPasswordLinkWithvalidEmail">
    <skipped/>
  </testcase> <!-- validateForgottenPasswordLinkWithvalidEmail -->
  <system-out/>
  <testcase classname="testNG.TestNGLoginFuntionality" name="validateLoggingwithValidCredentials">
    <skipped/>
  </testcase> <!-- validateLoggingwithValidCredentials -->
  <system-out/>
  <testcase classname="testNG.TestNGLoginFuntionality" name="validateLoggingwithInvalidUsernameValidPassword">
    <skipped/>
  </testcase> <!-- validateLoggingwithInvalidUsernameValidPassword -->
  <system-out/>
  <testcase classname="testNG.TestNGLoginFuntionality" name="validateUserFunctionalityThatLoggedIntoCorrectUser">
    <skipped/>
  </testcase> <!-- validateUserFunctionalityThatLoggedIntoCorrectUser -->
  <system-out/>
  <testcase classname="testNG.TestNGLoginFuntionality" name="validateUserFunctionalityThatLoggedOutNavigateBackStillLoggedIn">
    <skipped/>
  </testcase> <!-- validateUserFunctionalityThatLoggedOutNavigateBackStillLoggedIn -->
  <system-out/>
  <testcase classname="testNG.TestNGLoginFuntionality" name="validateLoggingwithValidUsernameInvalidPassword">
    <skipped/>
  </testcase> <!-- validateLoggingwithValidUsernameInvalidPassword -->
  <system-out/>
  <testcase classname="testNG.TestNGLoginFuntionality" name="validateForgottenPasswordLinkWithInvalidEmail">
    <skipped/>
  </testcase> <!-- validateForgottenPasswordLinkWithInvalidEmail -->
  <system-out/>
</testsuite> <!-- testNG.TestNGLoginFuntionality -->
